<?xml version="1.0" encoding="UTF-8"?>
<!-- Generated by org.testng.reporters.JUnitReportReporter -->
<testsuite skipped="0" hostname="LAPTOP-0IM9UDLM" name="com.qa.rest.tests.GetCallBDD" tests="1" failures="0" timestamp="2021-06-15T15:13:55 EDT" time="2.506" errors="0">
  <testcase name="test_title" time="2.506" classname="com.qa.rest.tests.GetCallBDD"/>
  <system-out/>
</testsuite> <!-- com.qa.rest.tests.GetCallBDD -->
